........................................................................ [100%]
=============================== tests coverage ================================
_______________ coverage: platform win32, python 3.11.9-final-0 _______________

Name                                       Stmts   Miss  Cover
--------------------------------------------------------------
src\scorer\metrics\__init__.py                 0      0   100%
src\scorer\metrics\base.py                    19      3    84%
src\scorer\metrics\busfactor.py              183     40    78%
src\scorer\metrics\code_quality.py           164     33    80%
src\scorer\metrics\dataset_and_code.py        60     13    78%
src\scorer\metrics\dataset_quality.py         46      3    93%
src\scorer\metrics\license.py                 60      7    88%
src\scorer\metrics\performance_claims.py      83     10    88%
src\scorer\metrics\rampup.py                 125     34    73%
src\scorer\metrics\size.py                    62     13    79%
--------------------------------------------------------------
TOTAL                                        802    156    81%
72 passed in 9.99s
